[17-Feb-2012 23:04:03] PHP Fatal error:  Cannot use object of type stdClass as array in /Users/rich/Desktop/tastyclouds/multisite/wp-content/plugins/tastyclouds-cms/ajax/VariationItemAjax.php on line 40
[17-Feb-2012 23:05:06] PHP Notice:  Trying to get property of non-object in /Users/rich/Desktop/tastyclouds/multisite/wp-admin/includes/template.php on line 854
[17-Feb-2012 23:05:06] PHP Warning:  call_user_func_array() expects parameter 1 to be a valid callback, function 'onVariantOptionsMetaboxFooterAction' not found or invalid function name in /Users/rich/Desktop/tastyclouds/multisite/wp-includes/plugin.php on line 405
[17-Feb-2012 23:49:07] PHP Notice:  Trying to get property of non-object in /Users/rich/Desktop/tastyclouds/multisite/wp-admin/includes/template.php on line 854
[17-Feb-2012 23:49:13] PHP Notice:  Trying to get property of non-object in /Users/rich/Desktop/tastyclouds/multisite/wp-admin/includes/template.php on line 854
[17-Feb-2012 23:49:16] PHP Notice:  Trying to get property of non-object in /Users/rich/Desktop/tastyclouds/multisite/wp-admin/includes/template.php on line 854
[17-Feb-2012 23:49:22] PHP Notice:  Trying to get property of non-object in /Users/rich/Desktop/tastyclouds/multisite/wp-admin/includes/template.php on line 854
[17-Feb-2012 23:49:22] PHP Warning:  call_user_func_array() expects parameter 1 to be a valid callback, function 'onVariantOptionsMetaboxFooterAction' not found or invalid function name in /Users/rich/Desktop/tastyclouds/multisite/wp-includes/plugin.php on line 405
[17-Feb-2012 23:49:23] PHP Notice:  Undefined variable: postType in /Users/rich/Desktop/tastyclouds/multisite/wp-content/plugins/tastyclouds-cms/ajax/VariationItemAjax.php on line 91
[17-Feb-2012 23:49:37] PHP Notice:  Trying to get property of non-object in /Users/rich/Desktop/tastyclouds/multisite/wp-admin/includes/template.php on line 854
[17-Feb-2012 23:49:37] PHP Notice:  Undefined index: variation_items in /Users/rich/Desktop/tastyclouds/multisite/wp-content/wpalchemy/MetaBox.php on line 2162
[17-Feb-2012 23:49:38] PHP Notice:  Trying to get property of non-object in /Users/rich/Desktop/tastyclouds/multisite/wp-admin/includes/template.php on line 854
[17-Feb-2012 23:49:38] PHP Warning:  call_user_func_array() expects parameter 1 to be a valid callback, function 'onVariantOptionsMetaboxFooterAction' not found or invalid function name in /Users/rich/Desktop/tastyclouds/multisite/wp-includes/plugin.php on line 405
[17-Feb-2012 23:49:38] PHP Notice:  Undefined variable: postType in /Users/rich/Desktop/tastyclouds/multisite/wp-content/plugins/tastyclouds-cms/ajax/VariationItemAjax.php on line 91
[17-Feb-2012 23:49:48] PHP Notice:  Trying to get property of non-object in /Users/rich/Desktop/tastyclouds/multisite/wp-admin/includes/template.php on line 854
[17-Feb-2012 23:49:52] PHP Notice:  Trying to get property of non-object in /Users/rich/Desktop/tastyclouds/multisite/wp-admin/includes/template.php on line 854
[17-Feb-2012 23:49:54] PHP Notice:  Trying to get property of non-object in /Users/rich/Desktop/tastyclouds/multisite/wp-admin/includes/template.php on line 854
[17-Feb-2012 23:49:55] PHP Warning:  call_user_func_array() expects parameter 1 to be a valid callback, function 'onVariantOptionsMetaboxFooterAction' not found or invalid function name in /Users/rich/Desktop/tastyclouds/multisite/wp-includes/plugin.php on line 405
[17-Feb-2012 23:49:55] PHP Notice:  Undefined variable: postType in /Users/rich/Desktop/tastyclouds/multisite/wp-content/plugins/tastyclouds-cms/ajax/VariationItemAjax.php on line 91
[17-Feb-2012 23:50:33] PHP Notice:  Trying to get property of non-object in /Users/rich/Desktop/tastyclouds/multisite/wp-admin/includes/template.php on line 854
[17-Feb-2012 23:50:33] PHP Warning:  call_user_func_array() expects parameter 1 to be a valid callback, function 'onVariantOptionsMetaboxFooterAction' not found or invalid function name in /Users/rich/Desktop/tastyclouds/multisite/wp-includes/plugin.php on line 405
[17-Feb-2012 23:50:34] PHP Notice:  Undefined variable: postType in /Users/rich/Desktop/tastyclouds/multisite/wp-content/plugins/tastyclouds-cms/ajax/VariationItemAjax.php on line 91
